<?xml version="1.0" encoding="UTF-8"?>
<!-- Generated by org.testng.reporters.JUnitReportReporter -->
<testsuite skipped="1" hostname="Sandeep" name="com.amazon.testCases.LoginPageTest" tests="2" failures="0" timestamp="04 Feb 2020 22:20:18 GMT" time="22.679" errors="0">
  <testcase name="getEmailOrPhoneNoTest" time="22.679" classname="com.amazon.testCases.LoginPageTest"/>
  <testcase name="verifyLogoTest" classname="com.amazon.testCases.LoginPageTest">
    <skipped/>
  </testcase> <!-- verifyLogoTest -->
</testsuite> <!-- com.amazon.testCases.LoginPageTest -->
