<?xml version="1.0" encoding="UTF-8"?>
<!-- Generated by org.testng.reporters.JUnitReportReporter -->
<testsuite skipped="0" hostname="Sandeep" name="com.amazon.testCases.HelloPageTest" tests="2" failures="0" timestamp="04 Feb 2020 11:32:22 GMT" time="59.254" errors="0">
  <testcase name="verifyLogoTest" time="17.595" classname="com.amazon.testCases.HelloPageTest"/>
  <testcase name="clickOnSignInTest" time="41.659" classname="com.amazon.testCases.HelloPageTest"/>
</testsuite> <!-- com.amazon.testCases.HelloPageTest -->
